Mplus VERSION 7
MUTHEN & MUTHEN
01/14/2018   2:59 PM

INPUT INSTRUCTIONS


  TITLE: "MSEM - Number of indicators(12); Sample Size(1000)";
  Run #1 ;

  DATA:
  	FILE = "C:\Users\mgiordan\git\mlmcfasimulation\temp\tempdata_1.dat";

  VARIABLE:
      NAMES = y1-y9 clust ;
      MISSING=.;
      USEVARIABLES ARE clust y1-y9;
      CLUSTER IS clust;

  ANALYSIS:
  	TYPE IS TWOLEVEL;
  	H1ITERATIONS = 5000;
  	!estimator = WLS;

  MODEL:
      %WITHIN%
      l1 BY y1-y3;
      l2 by y4-y6;
      l3 by y7-y9;
      %BETWEEN%
      l4 by y1-y9;

  OUTPUT:
      TECH1 STDYX;



INPUT READING TERMINATED NORMALLY



"MSEM - Number of indicators(12); Sample Size(1000)";
Run #1 ;

SUMMARY OF ANALYSIS

Number of groups                                                 1
Number of observations                                        3000

Number of dependent variables                                    9
Number of independent variables                                  0
Number of continuous latent variables                            4

Observed dependent variables

  Continuous
   Y1          Y2          Y3          Y4          Y5          Y6
   Y7          Y8          Y9

Continuous latent variables
   L1          L2          L3          L4

Variables with special functions

  Cluster variable      CLUST

Estimator                                                      MLR
Information matrix                                        OBSERVED
Maximum number of iterations                                   100
Convergence criterion                                    0.100D-05
Maximum number of EM iterations                                500
Convergence criteria for the EM algorithm
  Loglikelihood change                                   0.100D-02
  Relative loglikelihood change                          0.100D-05
  Derivative                                             0.100D-03
Minimum variance                                         0.100D-03
Maximum number of steepest descent iterations                   20
Maximum number of iterations for H1                           5000
Convergence criterion for H1                             0.100D-03
Optimization algorithm                                         EMA

Input data file(s)
  C:\Users\mgiordan\git\mlmcfasimulation\temp\tempdata_1.dat
Input data format  FREE


SUMMARY OF DATA

     Number of missing data patterns             1
     Number of clusters                        100

     Average cluster size       30.000

     Estimated Intraclass Correlations for the Y Variables

                Intraclass              Intraclass              Intraclass
     Variable  Correlation   Variable  Correlation   Variable  Correlation

     Y1           0.355      Y2           0.298      Y3           0.366
     Y4           0.411      Y5           0.374      Y6           0.371
     Y7           0.328      Y8           0.361      Y9           0.438



COVARIANCE COVERAGE OF DATA

Minimum covariance coverage value   0.100


     PROPORTION OF DATA PRESENT


           Covariance Coverage
              Y1            Y2            Y3            Y4            Y5
              ________      ________      ________      ________      ________
 Y1             1.000
 Y2             1.000         1.000
 Y3             1.000         1.000         1.000
 Y4             1.000         1.000         1.000         1.000
 Y5             1.000         1.000         1.000         1.000         1.000
 Y6             1.000         1.000         1.000         1.000         1.000
 Y7             1.000         1.000         1.000         1.000         1.000
 Y8             1.000         1.000         1.000         1.000         1.000
 Y9             1.000         1.000         1.000         1.000         1.000


           Covariance Coverage
              Y6            Y7            Y8            Y9
              ________      ________      ________      ________
 Y6             1.000
 Y7             1.000         1.000
 Y8             1.000         1.000         1.000
 Y9             1.000         1.000         1.000         1.000



THE MODEL ESTIMATION TERMINATED NORMALLY



MODEL FIT INFORMATION

Number of Free Parameters                       48

Loglikelihood

          H0 Value                      -46175.717
          H0 Scaling Correction Factor      1.0247
            for MLR
          H1 Value                      -45952.491
          H1 Scaling Correction Factor      0.9732
            for MLR

Information Criteria

          Akaike (AIC)                   92447.434
          Bayesian (BIC)                 92735.740
          Sample-Size Adjusted BIC       92583.225
            (n* = (n + 2) / 24)

Chi-Square Test of Model Fit

          Value                            482.739*
          Degrees of Freedom                    51
          P-Value                           0.0000
          Scaling Correction Factor         0.9248
            for MLR

*   The chi-square value for MLM, MLMV, MLR, ULSMV, WLSM and WLSMV cannot be used
    for chi-square difference testing in the regular way.  MLM, MLR and WLSM
    chi-square difference testing is described on the Mplus website.  MLMV, WLSMV,
    and ULSMV difference testing is done using the DIFFTEST option.

RMSEA (Root Mean Square Error Of Approximation)

          Estimate                           0.053

CFI/TLI

          CFI                                0.935
          TLI                                0.909

Chi-Square Test of Model Fit for the Baseline Model

          Value                           6765.247
          Degrees of Freedom                    72
          P-Value                           0.0000

SRMR (Standardized Root Mean Square Residual)

          Value for Within                   0.055
          Value for Between                  0.064



MODEL RESULTS

                                                    Two-Tailed
                    Estimate       S.E.  Est./S.E.    P-Value

Within Level

 L1       BY
    Y1                 1.000      0.000    999.000    999.000
    Y2                 0.997      0.036     27.948      0.000
    Y3                 1.013      0.038     26.502      0.000

 L2       BY
    Y4                 1.000      0.000    999.000    999.000
    Y5                 1.013      0.040     25.230      0.000
    Y6                 1.126      0.054     21.008      0.000

 L3       BY
    Y7                 1.000      0.000    999.000    999.000
    Y8                 1.063      0.043     24.651      0.000
    Y9                 0.955      0.030     31.330      0.000

 L2       WITH
    L1                 0.085      0.026      3.323      0.001

 L3       WITH
    L1                -0.031      0.024     -1.293      0.196
    L2                 0.194      0.031      6.363      0.000

 Variances
    L1                 0.998      0.057     17.465      0.000
    L2                 0.905      0.053     16.967      0.000
    L3                 1.027      0.052     19.662      0.000

 Residual Variances
    Y1                 0.985      0.041     24.270      0.000
    Y2                 0.970      0.041     23.568      0.000
    Y3                 1.001      0.046     21.756      0.000
    Y4                 1.118      0.049     22.988      0.000
    Y5                 1.120      0.051     22.118      0.000
    Y6                 0.955      0.062     15.362      0.000
    Y7                 1.057      0.035     30.324      0.000
    Y8                 0.983      0.053     18.707      0.000
    Y9                 1.052      0.038     27.394      0.000

Between Level

 L4       BY
    Y1                 1.000      0.000    999.000    999.000
    Y2                 0.703      0.238      2.961      0.003
    Y3                 0.690      0.272      2.535      0.011
    Y4                 0.992      0.247      4.023      0.000
    Y5                 1.032      0.313      3.295      0.001
    Y6                 0.965      0.325      2.970      0.003
    Y7                 0.794      0.261      3.035      0.002
    Y8                 0.965      0.342      2.818      0.005
    Y9                 0.979      0.254      3.848      0.000

 Intercepts
    Y1                 0.020      0.108      0.188      0.851
    Y2                -0.153      0.095     -1.618      0.106
    Y3                -0.025      0.111     -0.220      0.826
    Y4                 0.202      0.122      1.663      0.096
    Y5                 0.198      0.114      1.739      0.082
    Y6                 0.114      0.114      1.000      0.317
    Y7                -0.004      0.104     -0.036      0.971
    Y8                 0.222      0.113      1.957      0.050
    Y9                 0.210      0.127      1.653      0.098

 Variances
    L4                 0.343      0.135      2.530      0.011

 Residual Variances
    Y1                 0.749      0.144      5.212      0.000
    Y2                 0.662      0.112      5.897      0.000
    Y3                 1.003      0.147      6.803      0.000
    Y4                 1.079      0.154      7.029      0.000
    Y5                 0.859      0.163      5.280      0.000
    Y6                 0.919      0.159      5.767      0.000
    Y7                 0.792      0.137      5.775      0.000
    Y8                 0.887      0.182      4.886      0.000
    Y9                 1.225      0.216      5.659      0.000


STANDARDIZED MODEL RESULTS


STDYX Standardization

                                                    Two-Tailed
                    Estimate       S.E.  Est./S.E.    P-Value

Within Level

 L1       BY
    Y1                 0.709      0.015     47.368      0.000
    Y2                 0.711      0.016     45.812      0.000
    Y3                 0.711      0.014     49.309      0.000

 L2       BY
    Y4                 0.669      0.016     40.592      0.000
    Y5                 0.673      0.020     33.731      0.000
    Y6                 0.739      0.020     37.219      0.000

 L3       BY
    Y7                 0.702      0.013     56.070      0.000
    Y8                 0.736      0.018     41.414      0.000
    Y9                 0.686      0.014     49.036      0.000

 L2       WITH
    L1                 0.090      0.026      3.387      0.001

 L3       WITH
    L1                -0.030      0.024     -1.289      0.197
    L2                 0.202      0.033      6.123      0.000

 Variances
    L1                 1.000      0.000    999.000    999.000
    L2                 1.000      0.000    999.000    999.000
    L3                 1.000      0.000    999.000    999.000

 Residual Variances
    Y1                 0.497      0.021     23.389      0.000
    Y2                 0.495      0.022     22.415      0.000
    Y3                 0.494      0.021     24.109      0.000
    Y4                 0.553      0.022     25.091      0.000
    Y5                 0.547      0.027     20.353      0.000
    Y6                 0.455      0.029     15.507      0.000
    Y7                 0.507      0.018     28.844      0.000
    Y8                 0.459      0.026     17.536      0.000
    Y9                 0.529      0.019     27.549      0.000

Between Level

 L4       BY
    Y1                 0.560      0.092      6.088      0.000
    Y2                 0.452      0.108      4.167      0.000
    Y3                 0.374      0.139      2.683      0.007
    Y4                 0.488      0.118      4.152      0.000
    Y5                 0.546      0.111      4.917      0.000
    Y6                 0.507      0.109      4.642      0.000
    Y7                 0.463      0.112      4.112      0.000
    Y8                 0.514      0.113      4.551      0.000
    Y9                 0.460      0.103      4.444      0.000

 Intercepts
    Y1                 0.019      0.103      0.187      0.851
    Y2                -0.168      0.107     -1.569      0.117
    Y3                -0.023      0.103     -0.221      0.825
    Y4                 0.170      0.102      1.663      0.096
    Y5                 0.179      0.101      1.774      0.076
    Y6                 0.103      0.103      1.002      0.316
    Y7                -0.004      0.104     -0.036      0.971
    Y8                 0.202      0.111      1.813      0.070
    Y9                 0.169      0.099      1.700      0.089

 Variances
    L4                 1.000      0.000    999.000    999.000

 Residual Variances
    Y1                 0.686      0.103      6.652      0.000
    Y2                 0.796      0.098      8.131      0.000
    Y3                 0.860      0.104      8.245      0.000
    Y4                 0.762      0.115      6.639      0.000
    Y5                 0.702      0.121      5.796      0.000
    Y6                 0.743      0.111      6.695      0.000
    Y7                 0.786      0.104      7.554      0.000
    Y8                 0.736      0.116      6.336      0.000
    Y9                 0.789      0.095      8.290      0.000


R-SQUARE

Within Level

    Observed                                        Two-Tailed
    Variable        Estimate       S.E.  Est./S.E.    P-Value

    Y1                 0.503      0.021     23.684      0.000
    Y2                 0.505      0.022     22.906      0.000
    Y3                 0.506      0.021     24.655      0.000
    Y4                 0.447      0.022     20.296      0.000
    Y5                 0.453      0.027     16.866      0.000
    Y6                 0.545      0.029     18.610      0.000
    Y7                 0.493      0.018     28.035      0.000
    Y8                 0.541      0.026     20.707      0.000
    Y9                 0.471      0.019     24.518      0.000

Between Level

    Observed                                        Two-Tailed
    Variable        Estimate       S.E.  Est./S.E.    P-Value

    Y1                 0.314      0.103      3.044      0.002
    Y2                 0.204      0.098      2.083      0.037
    Y3                 0.140      0.104      1.341      0.180
    Y4                 0.238      0.115      2.076      0.038
    Y5                 0.298      0.121      2.459      0.014
    Y6                 0.257      0.111      2.321      0.020
    Y7                 0.214      0.104      2.056      0.040
    Y8                 0.264      0.116      2.276      0.023
    Y9                 0.211      0.095      2.222      0.026


QUALITY OF NUMERICAL RESULTS

     Condition Number for the Information Matrix              0.257E-04
       (ratio of smallest to largest eigenvalue)


TECHNICAL 1 OUTPUT


     PARAMETER SPECIFICATION FOR WITHIN


           NU
              Y1            Y2            Y3            Y4            Y5
              ________      ________      ________      ________      ________
 1                  0             0             0             0             0


           NU
              Y6            Y7            Y8            Y9
              ________      ________      ________      ________
 1                  0             0             0             0


           LAMBDA
              L1            L2            L3            L4
              ________      ________      ________      ________
 Y1                 0             0             0             0
 Y2                 1             0             0             0
 Y3                 2             0             0             0
 Y4                 0             0             0             0
 Y5                 0             3             0             0
 Y6                 0             4             0             0
 Y7                 0             0             0             0
 Y8                 0             0             5             0
 Y9                 0             0             6             0


           THETA
              Y1            Y2            Y3            Y4            Y5
              ________      ________      ________      ________      ________
 Y1                 7
 Y2                 0             8
 Y3                 0             0             9
 Y4                 0             0             0            10
 Y5                 0             0             0             0            11
 Y6                 0             0             0             0             0
 Y7                 0             0             0             0             0
 Y8                 0             0             0             0             0
 Y9                 0             0             0             0             0


           THETA
              Y6            Y7            Y8            Y9
              ________      ________      ________      ________
 Y6                12
 Y7                 0            13
 Y8                 0             0            14
 Y9                 0             0             0            15


           ALPHA
              L1            L2            L3            L4
              ________      ________      ________      ________
 1                  0             0             0             0


           BETA
              L1            L2            L3            L4
              ________      ________      ________      ________
 L1                 0             0             0             0
 L2                 0             0             0             0
 L3                 0             0             0             0
 L4                 0             0             0             0


           PSI
              L1            L2            L3            L4
              ________      ________      ________      ________
 L1                16
 L2                17            18
 L3                19            20            21
 L4                 0             0             0             0


     PARAMETER SPECIFICATION FOR BETWEEN


           NU
              Y1            Y2            Y3            Y4            Y5
              ________      ________      ________      ________      ________
 1                 22            23            24            25            26


           NU
              Y6            Y7            Y8            Y9
              ________      ________      ________      ________
 1                 27            28            29            30


           LAMBDA
              L1            L2            L3            L4
              ________      ________      ________      ________
 Y1                 0             0             0             0
 Y2                 0             0             0            31
 Y3                 0             0             0            32
 Y4                 0             0             0            33
 Y5                 0             0             0            34
 Y6                 0             0             0            35
 Y7                 0             0             0            36
 Y8                 0             0             0            37
 Y9                 0             0             0            38


           THETA
              Y1            Y2            Y3            Y4            Y5
              ________      ________      ________      ________      ________
 Y1                39
 Y2                 0            40
 Y3                 0             0            41
 Y4                 0             0             0            42
 Y5                 0             0             0             0            43
 Y6                 0             0             0             0             0
 Y7                 0             0             0             0             0
 Y8                 0             0             0             0             0
 Y9                 0             0             0             0             0


           THETA
              Y6            Y7            Y8            Y9
              ________      ________      ________      ________
 Y6                44
 Y7                 0            45
 Y8                 0             0            46
 Y9                 0             0             0            47


           ALPHA
              L1            L2            L3            L4
              ________      ________      ________      ________
 1                  0             0             0             0


           BETA
              L1            L2            L3            L4
              ________      ________      ________      ________
 L1                 0             0             0             0
 L2                 0             0             0             0
 L3                 0             0             0             0
 L4                 0             0             0             0


           PSI
              L1            L2            L3            L4
              ________      ________      ________      ________
 L1                 0
 L2                 0             0
 L3                 0             0             0
 L4                 0             0             0            48


     STARTING VALUES FOR WITHIN


           NU
              Y1            Y2            Y3            Y4            Y5
              ________      ________      ________      ________      ________
 1              0.000         0.000         0.000         0.000         0.000


           NU
              Y6            Y7            Y8            Y9
              ________      ________      ________      ________
 1              0.000         0.000         0.000         0.000


           LAMBDA
              L1            L2            L3            L4
              ________      ________      ________      ________
 Y1             1.000         0.000         0.000         0.000
 Y2             1.000         0.000         0.000         0.000
 Y3             1.000         0.000         0.000         0.000
 Y4             0.000         1.000         0.000         0.000
 Y5             0.000         1.000         0.000         0.000
 Y6             0.000         1.000         0.000         0.000
 Y7             0.000         0.000         1.000         0.000
 Y8             0.000         0.000         1.000         0.000
 Y9             0.000         0.000         1.000         0.000


           THETA
              Y1            Y2            Y3            Y4            Y5
              ________      ________      ________      ________      ________
 Y1             1.537
 Y2             0.000         1.398
 Y3             0.000         0.000         1.598
 Y4             0.000         0.000         0.000         1.719
 Y5             0.000         0.000         0.000         0.000         1.638
 Y6             0.000         0.000         0.000         0.000         0.000
 Y7             0.000         0.000         0.000         0.000         0.000
 Y8             0.000         0.000         0.000         0.000         0.000
 Y9             0.000         0.000         0.000         0.000         0.000


           THETA
              Y6            Y7            Y8            Y9
              ________      ________      ________      ________
 Y6             1.670
 Y7             0.000         1.550
 Y8             0.000         0.000         1.678
 Y9             0.000         0.000         0.000         1.770


           ALPHA
              L1            L2            L3            L4
              ________      ________      ________      ________
 1              0.000         0.000         0.000         0.000


           BETA
              L1            L2            L3            L4
              ________      ________      ________      ________
 L1             0.000         0.000         0.000         0.000
 L2             0.000         0.000         0.000         0.000
 L3             0.000         0.000         0.000         0.000
 L4             0.000         0.000         0.000         0.000


           PSI
              L1            L2            L3            L4
              ________      ________      ________      ________
 L1             0.050
 L2             0.000         0.050
 L3             0.000         0.000         0.050
 L4             0.000         0.000         0.000         0.000


     STARTING VALUES FOR BETWEEN


           NU
              Y1            Y2            Y3            Y4            Y5
              ________      ________      ________      ________      ________
 1              0.020        -0.153        -0.025         0.202         0.198


           NU
              Y6            Y7            Y8            Y9
              ________      ________      ________      ________
 1              0.114        -0.004         0.222         0.210


           LAMBDA
              L1            L2            L3            L4
              ________      ________      ________      ________
 Y1             0.000         0.000         0.000         1.000
 Y2             0.000         0.000         0.000         1.000
 Y3             0.000         0.000         0.000         1.000
 Y4             0.000         0.000         0.000         1.000
 Y5             0.000         0.000         0.000         1.000
 Y6             0.000         0.000         0.000         1.000
 Y7             0.000         0.000         0.000         1.000
 Y8             0.000         0.000         0.000         1.000
 Y9             0.000         0.000         0.000         1.000


           THETA
              Y1            Y2            Y3            Y4            Y5
              ________      ________      ________      ________      ________
 Y1             1.537
 Y2             0.000         1.398
 Y3             0.000         0.000         1.598
 Y4             0.000         0.000         0.000         1.719
 Y5             0.000         0.000         0.000         0.000         1.638
 Y6             0.000         0.000         0.000         0.000         0.000
 Y7             0.000         0.000         0.000         0.000         0.000
 Y8             0.000         0.000         0.000         0.000         0.000
 Y9             0.000         0.000         0.000         0.000         0.000


           THETA
              Y6            Y7            Y8            Y9
              ________      ________      ________      ________
 Y6             1.670
 Y7             0.000         1.550
 Y8             0.000         0.000         1.678
 Y9             0.000         0.000         0.000         1.770


           ALPHA
              L1            L2            L3            L4
              ________      ________      ________      ________
 1              0.000         0.000         0.000         0.000


           BETA
              L1            L2            L3            L4
              ________      ________      ________      ________
 L1             0.000         0.000         0.000         0.000
 L2             0.000         0.000         0.000         0.000
 L3             0.000         0.000         0.000         0.000
 L4             0.000         0.000         0.000         0.000


           PSI
              L1            L2            L3            L4
              ________      ________      ________      ________
 L1             0.000
 L2             0.000         0.000
 L3             0.000         0.000         0.000
 L4             0.000         0.000         0.000         0.050


     Beginning Time:  14:59:52
        Ending Time:  14:59:53
       Elapsed Time:  00:00:01



MUTHEN & MUTHEN
3463 Stoner Ave.
Los Angeles, CA  90066

Tel: (310) 391-9971
Fax: (310) 391-8971
Web: www.StatModel.com
Support: Support@StatModel.com

Copyright (c) 1998-2012 Muthen & Muthen
