Mplus VERSION 7
MUTHEN & MUTHEN
12/05/2017   2:18 PM

INPUT INSTRUCTIONS


  ! DO NOT EDIT IN TEXT. EDIT IN PRIMARY SIMULATION CODE r FILE.
  TITLE:	M3 Sim
  montecarlo:
  names are y1-y9 ;
  nobservations = 3000;
  ncsizes = 1;
  csizes = 100 (30); !format #OfClustesr (SizeOfClusters)
  seed = 120170510;
  nrep = 2;
  repsave = ALL;
  save = C:\Users\mgiordan\git\mlmcfasimulation\temp\tempdata_*.dat;
  ANALYSIS:
  TYPE IS twolevel;
  !ESTIMATOR=BAYES;
  !estimator = WLS;
  !distribution = skewnormal;
  MODEL POPULATION:
  %Within%
  ! Loadings
  L1 by y1@1;
  L1 by y2@1;
  L1 by y3@1;
  L1 by y5@.3;
  L2 by y4@1;
  L2 by y5@1;
  L2 by y6@1;
  L2 by y8@.3;
  L3 by y7@1;
  L3 by y8@1;
  L3 by y9@1;
  L3 by y6@.3;
  y1-y9*1;
  L1*1;
  L2*1;
  L3*1;
  %Between%
  L4 by y1@1;
  L4 by y2@1;
  L4 by y3@1;
  L4 by y5@1;
  L4 by y4@1;
  L4 by y5@1;
  L4 by y6@1;
  L4 by y8@1;
  L4 by y7@1;
  L4 by y8@1;
  L4 by y9@1;
  L4 by y6@1;
  L4*.4;
  y1-y9@1;
  MODEL:
  %Within%
  ! Loadings
  L1 by y1@1;
  L1 by y2@1;
  L1 by y3@1;
  L1 by y5@.3;
  L2 by y4@1;
  L2 by y5@1;
  L2 by y6@1;
  L2 by y8@.3;
  L3 by y7@1;
  L3 by y8@1;
  L3 by y9@1;
  L3 by y6@.3;
  y1-y9*1;
  L1*1;
  L2*1;
  L3*1;
  %Between%
  L4 by y1@1;
  L4 by y2@1;
  L4 by y3@1;
  L4 by y5@1;
  L4 by y4@1;
  L4 by y5@1;
  L4 by y6@1;
  L4 by y8@1;
  L4 by y7@1;
  L4 by y8@1;
  L4 by y9@1;
  L4 by y6@1;
  L4*.4;
  y1-y9@1;
  output:
  tech8 tech9;




INPUT READING TERMINATED NORMALLY



M3 Sim

SUMMARY OF ANALYSIS

Number of groups                                                 1
Number of observations                                        3000

Number of replications
    Requested                                                    2
    Completed                                                    2
Value of seed                                            120170510

Number of dependent variables                                    9
Number of independent variables                                  0
Number of continuous latent variables                            4

Observed dependent variables

  Continuous
   Y1          Y2          Y3          Y4          Y5          Y6
   Y7          Y8          Y9

Continuous latent variables
   L1          L2          L3          L4


Estimator                                                      MLR
Information matrix                                        OBSERVED
Maximum number of iterations                                   100
Convergence criterion                                    0.100D-05
Maximum number of EM iterations                                500
Convergence criteria for the EM algorithm
  Loglikelihood change                                   0.100D-02
  Relative loglikelihood change                          0.100D-05
  Derivative                                             0.100D-03
Minimum variance                                         0.100D-03
Maximum number of steepest descent iterations                   20
Maximum number of iterations for H1                           2000
Convergence criterion for H1                             0.100D-03
Optimization algorithm                                         EMA


SUMMARY OF DATA FOR THE FIRST REPLICATION

     Cluster information

       Size (s)    Number of clusters of Size s

         30           100

     Average cluster size       30.000

     Estimated Intraclass Correlations for the Y Variables

                Intraclass              Intraclass              Intraclass
     Variable  Correlation   Variable  Correlation   Variable  Correlation

     Y1           0.355      Y2           0.298      Y3           0.366
     Y4           0.411      Y5           0.374      Y6           0.371
     Y7           0.328      Y8           0.361      Y9           0.438


SAMPLE STATISTICS FOR THE FIRST REPLICATION

NOTE:  The sample statistics for within and between refer to the
       maximum-likelihood estimated within and between covariance
       matrices, respectively.


     ESTIMATED SAMPLE STATISTICS FOR WITHIN


           Means
              Y1            Y2            Y3            Y4            Y5
              ________      ________      ________      ________      ________
 1              0.000         0.000         0.000         0.000         0.000


           Means
              Y6            Y7            Y8            Y9
              ________      ________      ________      ________
 1              0.000         0.000         0.000         0.000


           Covariances
              Y1            Y2            Y3            Y4            Y5
              ________      ________      ________      ________      ________
 Y1             1.983
 Y2             0.994         1.961
 Y3             1.011         1.006         2.024
 Y4             0.014        -0.017        -0.053         2.023
 Y5             0.304         0.334         0.310         0.950         2.048
 Y6            -0.004        -0.014         0.017         1.016         1.008
 Y7            -0.036        -0.078        -0.040        -0.028        -0.020
 Y8             0.006        -0.044        -0.048         0.270         0.252
 Y9             0.033        -0.057        -0.014        -0.040        -0.039


           Covariances
              Y6            Y7            Y8            Y9
              ________      ________      ________      ________
 Y6             2.102
 Y7             0.291         2.083
 Y8             0.578         1.078         2.144
 Y9             0.319         1.013         1.028         1.988


           Correlations
              Y1            Y2            Y3            Y4            Y5
              ________      ________      ________      ________      ________
 Y1             1.000
 Y2             0.504         1.000
 Y3             0.505         0.505         1.000
 Y4             0.007        -0.009        -0.026         1.000
 Y5             0.151         0.166         0.152         0.466         1.000
 Y6            -0.002        -0.007         0.008         0.493         0.486
 Y7            -0.018        -0.039        -0.019        -0.014        -0.009
 Y8             0.003        -0.021        -0.023         0.130         0.120
 Y9             0.016        -0.029        -0.007        -0.020        -0.019


           Correlations
              Y6            Y7            Y8            Y9
              ________      ________      ________      ________
 Y6             1.000
 Y7             0.139         1.000
 Y8             0.272         0.510         1.000
 Y9             0.156         0.498         0.498         1.000


     ESTIMATED SAMPLE STATISTICS FOR BETWEEN


           Means
              Y1            Y2            Y3            Y4            Y5
              ________      ________      ________      ________      ________
 1              0.020        -0.153        -0.025         0.202         0.198


           Means
              Y6            Y7            Y8            Y9
              ________      ________      ________      ________
 1              0.114        -0.004         0.222         0.210


           Covariances
              Y1            Y2            Y3            Y4            Y5
              ________      ________      ________      ________      ________
 Y1             1.091
 Y2             0.225         0.833
 Y3             0.252         0.220         1.171
 Y4             0.435         0.297         0.330         1.414
 Y5             0.382         0.311         0.066         0.392         1.226
 Y6             0.269         0.188         0.113         0.270         0.361
 Y7             0.250         0.068         0.354         0.311         0.162
 Y8             0.266         0.215         0.262         0.124         0.372
 Y9             0.377         0.285         0.189         0.284         0.376


           Covariances
              Y6            Y7            Y8            Y9
              ________      ________      ________      ________
 Y6             1.238
 Y7             0.306         1.015
 Y8             0.502         0.341         1.210
 Y9             0.306         0.298         0.259         1.550


           Correlations
              Y1            Y2            Y3            Y4            Y5
              ________      ________      ________      ________      ________
 Y1             1.000
 Y2             0.236         1.000
 Y3             0.223         0.222         1.000
 Y4             0.351         0.274         0.257         1.000
 Y5             0.330         0.307         0.055         0.298         1.000
 Y6             0.232         0.185         0.094         0.204         0.293
 Y7             0.237         0.074         0.324         0.259         0.146
 Y8             0.231         0.214         0.220         0.095         0.305
 Y9             0.290         0.251         0.140         0.192         0.273


           Correlations
              Y6            Y7            Y8            Y9
              ________      ________      ________      ________
 Y6             1.000
 Y7             0.273         1.000
 Y8             0.410         0.307         1.000
 Y9             0.221         0.237         0.189         1.000




MODEL FIT INFORMATION

Number of Free Parameters                       25

Loglikelihood

    H0 Value

        Mean                            -46016.177
        Std Dev                             24.239
        Number of successful computations        2

             Proportions                   Percentiles
        Expected    Observed         Expected       Observed
           0.990       1.000       -46072.565     -46040.416
           0.980       1.000       -46065.957     -46040.416
           0.950       1.000       -46056.048     -46040.416
           0.900       1.000       -46047.242     -46040.416
           0.800       0.500       -46036.577     -46040.416
           0.700       0.500       -46028.888     -46040.416
           0.500       0.500       -46016.177     -46040.416
           0.300       0.500       -46003.466     -46040.416
           0.200       0.500       -45995.778     -46040.416
           0.100       0.000       -45985.113     -46040.416
           0.050       0.000       -45976.306     -46040.416
           0.020       0.000       -45966.398     -46040.416
           0.010       0.000       -45959.790     -46040.416

    H1 Value

        Mean                            -45974.634
        Std Dev                             22.143
        Number of successful computations        2

             Proportions                   Percentiles
        Expected    Observed         Expected       Observed
           0.990       1.000       -46026.144     -45996.777
           0.980       1.000       -46020.108     -45996.777
           0.950       1.000       -46011.056     -45996.777
           0.900       1.000       -46003.012     -45996.777
           0.800       0.500       -45993.269     -45996.777
           0.700       0.500       -45986.245     -45996.777
           0.500       0.500       -45974.634     -45996.777
           0.300       0.500       -45963.022     -45996.777
           0.200       0.500       -45955.999     -45996.777
           0.100       0.000       -45946.256     -45996.777
           0.050       0.000       -45938.211     -45996.777
           0.020       0.000       -45929.159     -45996.777
           0.010       0.000       -45923.123     -45996.777

Information Criteria

    Akaike (AIC)

        Mean                             92082.355
        Std Dev                             48.478
        Number of successful computations        2

             Proportions                   Percentiles
        Expected    Observed         Expected       Observed
           0.990       1.000        91969.580      92033.876
           0.980       1.000        91982.795      92033.876
           0.950       1.000        92002.613      92033.876
           0.900       1.000        92020.225      92033.876
           0.800       0.500        92041.555      92033.876
           0.700       0.500        92056.933      92033.876
           0.500       0.500        92082.355      92033.876
           0.300       0.500        92107.776      92033.876
           0.200       0.500        92123.154      92033.876
           0.100       0.000        92144.484      92033.876
           0.050       0.000        92162.096      92033.876
           0.020       0.000        92181.914      92033.876
           0.010       0.000        92195.129      92033.876

    Bayesian (BIC)

        Mean                             92232.514
        Std Dev                             48.478
        Number of successful computations        2

             Proportions                   Percentiles
        Expected    Observed         Expected       Observed
           0.990       1.000        92119.739      92184.036
           0.980       1.000        92132.954      92184.036
           0.950       1.000        92152.772      92184.036
           0.900       1.000        92170.384      92184.036
           0.800       0.500        92191.715      92184.036
           0.700       0.500        92207.092      92184.036
           0.500       0.500        92232.514      92184.036
           0.300       0.500        92257.936      92184.036
           0.200       0.500        92273.313      92184.036
           0.100       0.000        92294.643      92184.036
           0.050       0.000        92312.255      92184.036
           0.020       0.000        92332.073      92184.036
           0.010       0.000        92345.288      92184.036

    Sample-Size Adjusted BIC (n* = (n + 2) / 24)

        Mean                             92153.079
        Std Dev                             48.478
        Number of successful computations        2

             Proportions                   Percentiles
        Expected    Observed         Expected       Observed
           0.990       1.000        92040.304      92104.601
           0.980       1.000        92053.520      92104.601
           0.950       1.000        92073.337      92104.601
           0.900       1.000        92090.950      92104.601
           0.800       0.500        92112.280      92104.601
           0.700       0.500        92127.657      92104.601
           0.500       0.500        92153.079      92104.601
           0.300       0.500        92178.501      92104.601
           0.200       0.500        92193.878      92104.601
           0.100       0.000        92215.209      92104.601
           0.050       0.000        92232.821      92104.601
           0.020       0.000        92252.638      92104.601
           0.010       0.000        92265.854      92104.601

Chi-Square Test of Model Fit

        Degrees of freedom                      74

        Mean                                84.414
        Std Dev                              4.143
        Number of successful computations        2

             Proportions                   Percentiles
        Expected    Observed         Expected       Observed
           0.990       1.000           48.666         80.270
           0.980       1.000           51.208         80.270
           0.950       1.000           55.189         80.270
           0.900       1.000           58.900         80.270
           0.800       1.000           63.616         80.270
           0.700       1.000           67.170         80.270
           0.500       1.000           73.334         80.270
           0.300       1.000           79.865         80.270
           0.200       0.500           83.997         80.270
           0.100       0.000           89.956         80.270
           0.050       0.000           95.081         80.270
           0.020       0.000          101.074         80.270
           0.010       0.000          105.202         80.270

RMSEA (Root Mean Square Error Of Approximation)

        Mean                                 0.007
        Std Dev                              0.001
        Number of successful computations        2

             Proportions                   Percentiles
        Expected    Observed         Expected       Observed
           0.990       1.000            0.003          0.005
           0.980       1.000            0.004          0.005
           0.950       1.000            0.004          0.005
           0.900       1.000            0.005          0.005
           0.800       0.500            0.006          0.005
           0.700       0.500            0.006          0.005
           0.500       0.500            0.007          0.005
           0.300       0.500            0.007          0.005
           0.200       0.500            0.008          0.005
           0.100       0.000            0.008          0.005
           0.050       0.000            0.009          0.005
           0.020       0.000            0.010          0.005
           0.010       0.000            0.010          0.005

SRMR (Standardized Root Mean Square Residual) for the WITHIN level

        Mean                                 0.011
        Std Dev                              0.000
        Number of successful computations        2

             Proportions                   Percentiles
        Expected    Observed         Expected       Observed
           0.990       1.000            0.010          0.011
           0.980       1.000            0.010          0.011
           0.950       1.000            0.010          0.011
           0.900       1.000            0.010          0.011
           0.800       0.500            0.011          0.011
           0.700       0.500            0.011          0.011
           0.500       0.500            0.011          0.011
           0.300       0.500            0.011          0.011
           0.200       0.500            0.011          0.011
           0.100       0.000            0.011          0.011
           0.050       0.000            0.011          0.011
           0.020       0.000            0.011          0.011
           0.010       0.000            0.011          0.011

SRMR (Standardized Root Mean Square Residual) for the BETWEEN level

        Mean                                 0.079
        Std Dev                              0.006
        Number of successful computations        2

             Proportions                   Percentiles
        Expected    Observed         Expected       Observed
           0.990       1.000            0.064          0.072
           0.980       1.000            0.065          0.072
           0.950       1.000            0.068          0.072
           0.900       1.000            0.070          0.072
           0.800       0.500            0.073          0.072
           0.700       0.500            0.075          0.072
           0.500       0.500            0.079          0.072
           0.300       0.500            0.082          0.072
           0.200       0.500            0.084          0.072
           0.100       0.000            0.087          0.072
           0.050       0.000            0.089          0.072
           0.020       0.000            0.092          0.072
           0.010       0.000            0.094          0.072



MODEL RESULTS

                           ESTIMATES              S. E.     M. S. E.  95%  % Sig
              Population   Average   Std. Dev.   Average             Cover Coeff
Within Level

 L1       BY
  Y1               1.000     1.0000     0.0000     0.0000     0.0000 1.000 0.000
  Y2               1.000     1.0000     0.0000     0.0000     0.0000 1.000 0.000
  Y3               1.000     1.0000     0.0000     0.0000     0.0000 1.000 0.000
  Y5               0.300     0.3000     0.0000     0.0000     0.0000 1.000 0.000

 L2       BY
  Y4               1.000     1.0000     0.0000     0.0000     0.0000 1.000 0.000
  Y5               1.000     1.0000     0.0000     0.0000     0.0000 1.000 0.000
  Y6               1.000     1.0000     0.0000     0.0000     0.0000 1.000 0.000
  Y8               0.300     0.3000     0.0000     0.0000     0.0000 1.000 0.000

 L3       BY
  Y7               1.000     1.0000     0.0000     0.0000     0.0000 1.000 0.000
  Y8               1.000     1.0000     0.0000     0.0000     0.0000 1.000 0.000
  Y9               1.000     1.0000     0.0000     0.0000     0.0000 1.000 0.000
  Y6               0.300     0.3000     0.0000     0.0000     0.0000 1.000 0.000

 L2       WITH
  L1               0.000     0.0043     0.0055     0.0240     0.0000 1.000 0.000

 L3       WITH
  L1               0.000    -0.0034     0.0379     0.0245     0.0007 1.000 0.000
  L2               0.000     0.0004     0.0287     0.0260     0.0004 1.000 0.000

 Variances
  L1               1.000     1.0101     0.0058     0.0326     0.0001 1.000 1.000
  L2               1.000     0.9990     0.0044     0.0361     0.0000 1.000 1.000
  L3               1.000     1.0382     0.0081     0.0363     0.0015 1.000 1.000

 Residual Variances
  Y1               1.000     0.9926     0.0100     0.0359     0.0001 1.000 1.000
  Y2               1.000     0.9757     0.0246     0.0336     0.0009 1.000 1.000
  Y3               1.000     0.9998     0.0137     0.0384     0.0001 1.000 1.000
  Y4               1.000     1.0132     0.0382     0.0363     0.0009 1.000 1.000
  Y5               1.000     0.9965     0.0243     0.0364     0.0003 1.000 1.000
  Y6               1.000     1.0117     0.0434     0.0340     0.0011 1.000 1.000
  Y7               1.000     1.0221     0.0155     0.0345     0.0006 1.000 1.000
  Y8               1.000     0.9726     0.0432     0.0345     0.0017 1.000 1.000
  Y9               1.000     0.9754     0.0022     0.0354     0.0006 1.000 1.000

Between Level

 L4       BY
  Y1               1.000     1.0000     0.0000     0.0000     0.0000 1.000 0.000
  Y2               1.000     1.0000     0.0000     0.0000     0.0000 1.000 0.000
  Y3               1.000     1.0000     0.0000     0.0000     0.0000 1.000 0.000
  Y5               1.000     1.0000     0.0000     0.0000     0.0000 1.000 0.000
  Y4               1.000     1.0000     0.0000     0.0000     0.0000 1.000 0.000
  Y6               1.000     1.0000     0.0000     0.0000     0.0000 1.000 0.000
  Y8               1.000     1.0000     0.0000     0.0000     0.0000 1.000 0.000
  Y7               1.000     1.0000     0.0000     0.0000     0.0000 1.000 0.000
  Y9               1.000     1.0000     0.0000     0.0000     0.0000 1.000 0.000

 Intercepts
  Y1               0.000    -0.0313     0.0731     0.1080     0.0037 1.000 0.000
  Y2               0.000    -0.1167     0.0516     0.1109     0.0150 1.000 0.000
  Y3               0.000    -0.1692     0.2049     0.1179     0.0496 0.500 0.500
  Y4               0.000     0.0588     0.2027     0.1164     0.0240 1.000 0.000
  Y5               0.000     0.0430     0.2189     0.1222     0.0258 1.000 0.000
  Y6               0.000    -0.0210     0.1911     0.1163     0.0187 1.000 0.000
  Y7               0.000    -0.1232     0.1688     0.1170     0.0294 1.000 0.000
  Y8               0.000     0.0817     0.1975     0.1141     0.0262 1.000 0.000
  Y9               0.000     0.1268     0.1178     0.1230     0.0230 1.000 0.000

 Variances
  L4               0.400     0.3077     0.0554     0.0612     0.0100 0.500 1.000

 Residual Variances
  Y1               1.000     1.0000     0.0000     0.0000     0.0000 1.000 0.000
  Y2               1.000     1.0000     0.0000     0.0000     0.0000 1.000 0.000
  Y3               1.000     1.0000     0.0000     0.0000     0.0000 1.000 0.000
  Y4               1.000     1.0000     0.0000     0.0000     0.0000 1.000 0.000
  Y5               1.000     1.0000     0.0000     0.0000     0.0000 1.000 0.000
  Y6               1.000     1.0000     0.0000     0.0000     0.0000 1.000 0.000
  Y7               1.000     1.0000     0.0000     0.0000     0.0000 1.000 0.000
  Y8               1.000     1.0000     0.0000     0.0000     0.0000 1.000 0.000
  Y9               1.000     1.0000     0.0000     0.0000     0.0000 1.000 0.000


QUALITY OF NUMERICAL RESULTS

     Average Condition Number for the Information Matrix      0.763E-03
       (ratio of smallest to largest eigenvalue)


TECHNICAL 1 OUTPUT


     PARAMETER SPECIFICATION FOR WITHIN


           NU
              Y1            Y2            Y3            Y4            Y5
              ________      ________      ________      ________      ________
 1                  0             0             0             0             0


           NU
              Y6            Y7            Y8            Y9
              ________      ________      ________      ________
 1                  0             0             0             0


           LAMBDA
              L1            L2            L3            L4
              ________      ________      ________      ________
 Y1                 0             0             0             0
 Y2                 0             0             0             0
 Y3                 0             0             0             0
 Y4                 0             0             0             0
 Y5                 0             0             0             0
 Y6                 0             0             0             0
 Y7                 0             0             0             0
 Y8                 0             0             0             0
 Y9                 0             0             0             0


           THETA
              Y1            Y2            Y3            Y4            Y5
              ________      ________      ________      ________      ________
 Y1                 1
 Y2                 0             2
 Y3                 0             0             3
 Y4                 0             0             0             4
 Y5                 0             0             0             0             5
 Y6                 0             0             0             0             0
 Y7                 0             0             0             0             0
 Y8                 0             0             0             0             0
 Y9                 0             0             0             0             0


           THETA
              Y6            Y7            Y8            Y9
              ________      ________      ________      ________
 Y6                 6
 Y7                 0             7
 Y8                 0             0             8
 Y9                 0             0             0             9


           ALPHA
              L1            L2            L3            L4
              ________      ________      ________      ________
 1                  0             0             0             0


           BETA
              L1            L2            L3            L4
              ________      ________      ________      ________
 L1                 0             0             0             0
 L2                 0             0             0             0
 L3                 0             0             0             0
 L4                 0             0             0             0


           PSI
              L1            L2            L3            L4
              ________      ________      ________      ________
 L1                10
 L2                11            12
 L3                13            14            15
 L4                 0             0             0             0


     PARAMETER SPECIFICATION FOR BETWEEN


           NU
              Y1            Y2            Y3            Y4            Y5
              ________      ________      ________      ________      ________
 1                 16            17            18            19            20


           NU
              Y6            Y7            Y8            Y9
              ________      ________      ________      ________
 1                 21            22            23            24


           LAMBDA
              L1            L2            L3            L4
              ________      ________      ________      ________
 Y1                 0             0             0             0
 Y2                 0             0             0             0
 Y3                 0             0             0             0
 Y4                 0             0             0             0
 Y5                 0             0             0             0
 Y6                 0             0             0             0
 Y7                 0             0             0             0
 Y8                 0             0             0             0
 Y9                 0             0             0             0


           THETA
              Y1            Y2            Y3            Y4            Y5
              ________      ________      ________      ________      ________
 Y1                 0
 Y2                 0             0
 Y3                 0             0             0
 Y4                 0             0             0             0
 Y5                 0             0             0             0             0
 Y6                 0             0             0             0             0
 Y7                 0             0             0             0             0
 Y8                 0             0             0             0             0
 Y9                 0             0             0             0             0


           THETA
              Y6            Y7            Y8            Y9
              ________      ________      ________      ________
 Y6                 0
 Y7                 0             0
 Y8                 0             0             0
 Y9                 0             0             0             0


           ALPHA
              L1            L2            L3            L4
              ________      ________      ________      ________
 1                  0             0             0             0


           BETA
              L1            L2            L3            L4
              ________      ________      ________      ________
 L1                 0             0             0             0
 L2                 0             0             0             0
 L3                 0             0             0             0
 L4                 0             0             0             0


           PSI
              L1            L2            L3            L4
              ________      ________      ________      ________
 L1                 0
 L2                 0             0
 L3                 0             0             0
 L4                 0             0             0            25


     STARTING VALUES FOR WITHIN


           NU
              Y1            Y2            Y3            Y4            Y5
              ________      ________      ________      ________      ________
 1              0.000         0.000         0.000         0.000         0.000


           NU
              Y6            Y7            Y8            Y9
              ________      ________      ________      ________
 1              0.000         0.000         0.000         0.000


           LAMBDA
              L1            L2            L3            L4
              ________      ________      ________      ________
 Y1             1.000         0.000         0.000         0.000
 Y2             1.000         0.000         0.000         0.000
 Y3             1.000         0.000         0.000         0.000
 Y4             0.000         1.000         0.000         0.000
 Y5             0.300         1.000         0.000         0.000
 Y6             0.000         1.000         0.300         0.000
 Y7             0.000         0.000         1.000         0.000
 Y8             0.000         0.300         1.000         0.000
 Y9             0.000         0.000         1.000         0.000


           THETA
              Y1            Y2            Y3            Y4            Y5
              ________      ________      ________      ________      ________
 Y1             1.000
 Y2             0.000         1.000
 Y3             0.000         0.000         1.000
 Y4             0.000         0.000         0.000         1.000
 Y5             0.000         0.000         0.000         0.000         1.000
 Y6             0.000         0.000         0.000         0.000         0.000
 Y7             0.000         0.000         0.000         0.000         0.000
 Y8             0.000         0.000         0.000         0.000         0.000
 Y9             0.000         0.000         0.000         0.000         0.000


           THETA
              Y6            Y7            Y8            Y9
              ________      ________      ________      ________
 Y6             1.000
 Y7             0.000         1.000
 Y8             0.000         0.000         1.000
 Y9             0.000         0.000         0.000         1.000


           ALPHA
              L1            L2            L3            L4
              ________      ________      ________      ________
 1              0.000         0.000         0.000         0.000


           BETA
              L1            L2            L3            L4
              ________      ________      ________      ________
 L1             0.000         0.000         0.000         0.000
 L2             0.000         0.000         0.000         0.000
 L3             0.000         0.000         0.000         0.000
 L4             0.000         0.000         0.000         0.000


           PSI
              L1            L2            L3            L4
              ________      ________      ________      ________
 L1             1.000
 L2             0.000         1.000
 L3             0.000         0.000         1.000
 L4             0.000         0.000         0.000         0.000


     STARTING VALUES FOR BETWEEN


           NU
              Y1            Y2            Y3            Y4            Y5
              ________      ________      ________      ________      ________
 1              0.000         0.000         0.000         0.000         0.000


           NU
              Y6            Y7            Y8            Y9
              ________      ________      ________      ________
 1              0.000         0.000         0.000         0.000


           LAMBDA
              L1            L2            L3            L4
              ________      ________      ________      ________
 Y1             0.000         0.000         0.000         1.000
 Y2             0.000         0.000         0.000         1.000
 Y3             0.000         0.000         0.000         1.000
 Y4             0.000         0.000         0.000         1.000
 Y5             0.000         0.000         0.000         1.000
 Y6             0.000         0.000         0.000         1.000
 Y7             0.000         0.000         0.000         1.000
 Y8             0.000         0.000         0.000         1.000
 Y9             0.000         0.000         0.000         1.000


           THETA
              Y1            Y2            Y3            Y4            Y5
              ________      ________      ________      ________      ________
 Y1             1.000
 Y2             0.000         1.000
 Y3             0.000         0.000         1.000
 Y4             0.000         0.000         0.000         1.000
 Y5             0.000         0.000         0.000         0.000         1.000
 Y6             0.000         0.000         0.000         0.000         0.000
 Y7             0.000         0.000         0.000         0.000         0.000
 Y8             0.000         0.000         0.000         0.000         0.000
 Y9             0.000         0.000         0.000         0.000         0.000


           THETA
              Y6            Y7            Y8            Y9
              ________      ________      ________      ________
 Y6             1.000
 Y7             0.000         1.000
 Y8             0.000         0.000         1.000
 Y9             0.000         0.000         0.000         1.000


           ALPHA
              L1            L2            L3            L4
              ________      ________      ________      ________
 1              0.000         0.000         0.000         0.000


           BETA
              L1            L2            L3            L4
              ________      ________      ________      ________
 L1             0.000         0.000         0.000         0.000
 L2             0.000         0.000         0.000         0.000
 L3             0.000         0.000         0.000         0.000
 L4             0.000         0.000         0.000         0.000


           PSI
              L1            L2            L3            L4
              ________      ________      ________      ________
 L1             0.000
 L2             0.000         0.000
 L3             0.000         0.000         0.000
 L4             0.000         0.000         0.000         0.400


     POPULATION VALUES FOR WITHIN


           NU
              Y1            Y2            Y3            Y4            Y5
              ________      ________      ________      ________      ________
 1              0.000         0.000         0.000         0.000         0.000


           NU
              Y6            Y7            Y8            Y9
              ________      ________      ________      ________
 1              0.000         0.000         0.000         0.000


           LAMBDA
              L1            L2            L3            L4
              ________      ________      ________      ________
 Y1             1.000         0.000         0.000         0.000
 Y2             1.000         0.000         0.000         0.000
 Y3             1.000         0.000         0.000         0.000
 Y4             0.000         1.000         0.000         0.000
 Y5             0.300         1.000         0.000         0.000
 Y6             0.000         1.000         0.300         0.000
 Y7             0.000         0.000         1.000         0.000
 Y8             0.000         0.300         1.000         0.000
 Y9             0.000         0.000         1.000         0.000


           THETA
              Y1            Y2            Y3            Y4            Y5
              ________      ________      ________      ________      ________
 Y1             1.000
 Y2             0.000         1.000
 Y3             0.000         0.000         1.000
 Y4             0.000         0.000         0.000         1.000
 Y5             0.000         0.000         0.000         0.000         1.000
 Y6             0.000         0.000         0.000         0.000         0.000
 Y7             0.000         0.000         0.000         0.000         0.000
 Y8             0.000         0.000         0.000         0.000         0.000
 Y9             0.000         0.000         0.000         0.000         0.000


           THETA
              Y6            Y7            Y8            Y9
              ________      ________      ________      ________
 Y6             1.000
 Y7             0.000         1.000
 Y8             0.000         0.000         1.000
 Y9             0.000         0.000         0.000         1.000


           ALPHA
              L1            L2            L3            L4
              ________      ________      ________      ________
 1              0.000         0.000         0.000         0.000


           BETA
              L1            L2            L3            L4
              ________      ________      ________      ________
 L1             0.000         0.000         0.000         0.000
 L2             0.000         0.000         0.000         0.000
 L3             0.000         0.000         0.000         0.000
 L4             0.000         0.000         0.000         0.000


           PSI
              L1            L2            L3            L4
              ________      ________      ________      ________
 L1             1.000
 L2             0.000         1.000
 L3             0.000         0.000         1.000
 L4             0.000         0.000         0.000         0.000


     POPULATION VALUES FOR BETWEEN


           NU
              Y1            Y2            Y3            Y4            Y5
              ________      ________      ________      ________      ________
 1              0.000         0.000         0.000         0.000         0.000


           NU
              Y6            Y7            Y8            Y9
              ________      ________      ________      ________
 1              0.000         0.000         0.000         0.000


           LAMBDA
              L1            L2            L3            L4
              ________      ________      ________      ________
 Y1             0.000         0.000         0.000         1.000
 Y2             0.000         0.000         0.000         1.000
 Y3             0.000         0.000         0.000         1.000
 Y4             0.000         0.000         0.000         1.000
 Y5             0.000         0.000         0.000         1.000
 Y6             0.000         0.000         0.000         1.000
 Y7             0.000         0.000         0.000         1.000
 Y8             0.000         0.000         0.000         1.000
 Y9             0.000         0.000         0.000         1.000


           THETA
              Y1            Y2            Y3            Y4            Y5
              ________      ________      ________      ________      ________
 Y1             1.000
 Y2             0.000         1.000
 Y3             0.000         0.000         1.000
 Y4             0.000         0.000         0.000         1.000
 Y5             0.000         0.000         0.000         0.000         1.000
 Y6             0.000         0.000         0.000         0.000         0.000
 Y7             0.000         0.000         0.000         0.000         0.000
 Y8             0.000         0.000         0.000         0.000         0.000
 Y9             0.000         0.000         0.000         0.000         0.000


           THETA
              Y6            Y7            Y8            Y9
              ________      ________      ________      ________
 Y6             1.000
 Y7             0.000         1.000
 Y8             0.000         0.000         1.000
 Y9             0.000         0.000         0.000         1.000


           ALPHA
              L1            L2            L3            L4
              ________      ________      ________      ________
 1              0.000         0.000         0.000         0.000


           BETA
              L1            L2            L3            L4
              ________      ________      ________      ________
 L1             0.000         0.000         0.000         0.000
 L2             0.000         0.000         0.000         0.000
 L3             0.000         0.000         0.000         0.000
 L4             0.000         0.000         0.000         0.000


           PSI
              L1            L2            L3            L4
              ________      ________      ________      ________
 L1             0.000
 L2             0.000         0.000
 L3             0.000         0.000         0.000
 L4             0.000         0.000         0.000         0.400


TECHNICAL 8 OUTPUT


   TECHNICAL 8 OUTPUT FOR REPLICATION 1


   E STEP  ITER  LOGLIKELIHOOD    ABS CHANGE   REL CHANGE  ALGORITHM
              1 -0.46005191D+05    0.0000000    0.0000000  EM
              2 -0.45992013D+05   13.1785449    0.0002865  EM
              3 -0.45991939D+05    0.0736138    0.0000016  EM
              4 -0.45991938D+05    0.0008780    0.0000000  EM


   TECHNICAL 8 OUTPUT FOR THE H1 MODEL FOR REPLICATION 1


   E STEP  ITER  LOGLIKELIHOOD    ABS CHANGE   REL CHANGE  ALGORITHM
              1 -0.45961021D+05    0.0000000    0.0000000  EM
              2 -0.45952553D+05    8.4672311    0.0001842  EM
              3 -0.45952494D+05    0.0589463    0.0000013  EM
              4 -0.45952491D+05    0.0030864    0.0000001  EM
              5 -0.45952491D+05    0.0002068    0.0000000  EM
              6 -0.45952491D+05    0.0000145    0.0000000  EM


   TECHNICAL 8 OUTPUT FOR THE BASELINE MODEL


   E STEP  ITER  LOGLIKELIHOOD    ABS CHANGE   REL CHANGE  ALGORITHM
              1 -0.49237132D+05    0.0000000    0.0000000  EM
              2 -0.49237132D+05    0.0000000    0.0000000  EM


   TECHNICAL 8 OUTPUT FOR THE H1 MODEL FOR REPLICATION 1


   E STEP  ITER  LOGLIKELIHOOD    ABS CHANGE   REL CHANGE  ALGORITHM
              1 -0.45961021D+05    0.0000000    0.0000000  EM
              2 -0.45952553D+05    8.4672311    0.0001842  EM
              3 -0.45952494D+05    0.0589463    0.0000013  EM
              4 -0.45952491D+05    0.0030864    0.0000001  EM
              5 -0.45952491D+05    0.0002068    0.0000000  EM
              6 -0.45952491D+05    0.0000145    0.0000000  EM


   TECHNICAL 8 OUTPUT FOR REPLICATION 2


   E STEP  ITER  LOGLIKELIHOOD    ABS CHANGE   REL CHANGE  ALGORITHM
              1 -0.46050218D+05    0.0000000    0.0000000  EM
              2 -0.46040433D+05    9.7858572    0.0002125  EM
              3 -0.46040416D+05    0.0162064    0.0000004  EM
              4 -0.46040416D+05    0.0000865    0.0000000  EM


   TECHNICAL 8 OUTPUT FOR THE H1 MODEL FOR REPLICATION 2


   E STEP  ITER  LOGLIKELIHOOD    ABS CHANGE   REL CHANGE  ALGORITHM
              1 -0.46005232D+05    0.0000000    0.0000000  EM
              2 -0.45996838D+05    8.3942693    0.0001825  EM
              3 -0.45996780D+05    0.0579656    0.0000013  EM
              4 -0.45996777D+05    0.0032371    0.0000001  EM
              5 -0.45996777D+05    0.0002309    0.0000000  EM
              6 -0.45996777D+05    0.0000173    0.0000000  EM


   TECHNICAL 8 OUTPUT FOR THE BASELINE MODEL


   E STEP  ITER  LOGLIKELIHOOD    ABS CHANGE   REL CHANGE  ALGORITHM
              1 -0.49338643D+05    0.0000000    0.0000000  EM
              2 -0.49338643D+05    0.0000000    0.0000000  EM


TECHNICAL 9 OUTPUT

  Error messages for each replication (if any)



SAVEDATA INFORMATION

  Order of variables

    Y1
    Y2
    Y3
    Y4
    Y5
    Y6
    Y7
    Y8
    Y9
    CLUSTER

  Save file
    tempdata_*.dat

  Save file format           Free
  Save file record length    10000


     Beginning Time:  14:18:39
        Ending Time:  14:18:39
       Elapsed Time:  00:00:00



MUTHEN & MUTHEN
3463 Stoner Ave.
Los Angeles, CA  90066

Tel: (310) 391-9971
Fax: (310) 391-8971
Web: www.StatModel.com
Support: Support@StatModel.com

Copyright (c) 1998-2012 Muthen & Muthen
